<?xml version="1.0" encoding="UTF-8"?>
<!-- Generated by org.testng.reporters.JUnitXMLReporter -->
<testsuite ignored="0" hostname="admin" failures="0" tests="5" name="Default test" time="249.018" errors="0" timestamp="27 Oct 2018 09:12:29 GMT">
  <testcase classname="Com.TestNG.GoogleTest" name="GetTitle" time="0.634"/>
  <testcase classname="Com.TestNG.GoogleTest" name="GetCurrentUrl" time="0.031"/>
  <testcase classname="Com.TestNG.GoogleTest" name="ClickOnGmail" time="13.042"/>
  <testcase classname="Com.TestNG.GoogleTest" name="backtoMainPage" time="0.524"/>
  <testcase classname="Com.TestNG.GoogleTest" name="Search" time="3.306"/>
</testsuite> <!-- Default test -->
